2022-05-12T07:12:29+00:00 CRITICAL Uncaught Error: Call to undefined function get_permalinks() in D:\xampp\htdocs\woo-commerce\wp-content\themes\simple-bootstrap-theme\header.php:30
Stack trace:
#0 D:\xampp\htdocs\woo-commerce\wp-includes\template.php(770): require_once()
#1 D:\xampp\htdocs\woo-commerce\wp-includes\template.php(716): load_template('D:\\xampp\\htdocs...', true, Array)
#2 D:\xampp\htdocs\woo-commerce\wp-includes\general-template.php(48): locate_template(Array, true, true, Array)
#3 D:\xampp\htdocs\woo-commerce\wp-content\themes\simple-bootstrap-theme\index.php(2): get_header()
#4 D:\xampp\htdocs\woo-commerce\wp-includes\template-loader.php(106): include('D:\\xampp\\htdocs...')
#5 D:\xampp\htdocs\woo-commerce\wp-blog-header.php(19): require_once('D:\\xampp\\htdocs...')
#6 D:\xampp\htdocs\woo-commerce\index.php(17): require('D:\\xampp\\htdocs...')
#7 {main}
  thrown in D:\xampp\htdocs\woo-commerce\wp-content\themes\simple-bootstrap-theme\header.php on line 30

2022-05-12T07:12:31+00:00 CRITICAL Uncaught Error: Call to undefined function get_permalinks() in D:\xampp\htdocs\woo-commerce\wp-content\themes\simple-bootstrap-theme\header.php:30
Stack trace:
#0 D:\xampp\htdocs\woo-commerce\wp-includes\template.php(770): require_once()
#1 D:\xampp\htdocs\woo-commerce\wp-includes\template.php(716): load_template('D:\\xampp\\htdocs...', true, Array)
#2 D:\xampp\htdocs\woo-commerce\wp-includes\general-template.php(48): locate_template(Array, true, true, Array)
#3 D:\xampp\htdocs\woo-commerce\wp-content\themes\simple-bootstrap-theme\index.php(2): get_header()
#4 D:\xampp\htdocs\woo-commerce\wp-includes\template-loader.php(106): include('D:\\xampp\\htdocs...')
#5 D:\xampp\htdocs\woo-commerce\wp-blog-header.php(19): require_once('D:\\xampp\\htdocs...')
#6 D:\xampp\htdocs\woo-commerce\index.php(17): require('D:\\xampp\\htdocs...')
#7 {main}
  thrown in D:\xampp\htdocs\woo-commerce\wp-content\themes\simple-bootstrap-theme\header.php on line 30

2022-05-12T07:12:31+00:00 CRITICAL Uncaught Error: Call to undefined function get_permalinks() in D:\xampp\htdocs\woo-commerce\wp-content\themes\simple-bootstrap-theme\header.php:30
Stack trace:
#0 D:\xampp\htdocs\woo-commerce\wp-includes\template.php(770): require_once()
#1 D:\xampp\htdocs\woo-commerce\wp-includes\template.php(716): load_template('D:\\xampp\\htdocs...', true, Array)
#2 D:\xampp\htdocs\woo-commerce\wp-includes\general-template.php(48): locate_template(Array, true, true, Array)
#3 D:\xampp\htdocs\woo-commerce\wp-content\themes\simple-bootstrap-theme\index.php(2): get_header()
#4 D:\xampp\htdocs\woo-commerce\wp-includes\template-loader.php(106): include('D:\\xampp\\htdocs...')
#5 D:\xampp\htdocs\woo-commerce\wp-blog-header.php(19): require_once('D:\\xampp\\htdocs...')
#6 D:\xampp\htdocs\woo-commerce\index.php(17): require('D:\\xampp\\htdocs...')
#7 {main}
  thrown in D:\xampp\htdocs\woo-commerce\wp-content\themes\simple-bootstrap-theme\header.php on line 30

2022-05-12T07:13:00+00:00 CRITICAL Uncaught Error: Call to undefined function get_permalinks() in D:\xampp\htdocs\woo-commerce\wp-content\themes\simple-bootstrap-theme\header.php:30
Stack trace:
#0 D:\xampp\htdocs\woo-commerce\wp-includes\template.php(770): require_once()
#1 D:\xampp\htdocs\woo-commerce\wp-includes\template.php(716): load_template('D:\\xampp\\htdocs...', true, Array)
#2 D:\xampp\htdocs\woo-commerce\wp-includes\general-template.php(48): locate_template(Array, true, true, Array)
#3 D:\xampp\htdocs\woo-commerce\wp-content\themes\simple-bootstrap-theme\index.php(2): get_header()
#4 D:\xampp\htdocs\woo-commerce\wp-includes\template-loader.php(106): include('D:\\xampp\\htdocs...')
#5 D:\xampp\htdocs\woo-commerce\wp-blog-header.php(19): require_once('D:\\xampp\\htdocs...')
#6 D:\xampp\htdocs\woo-commerce\index.php(17): require('D:\\xampp\\htdocs...')
#7 {main}
  thrown in D:\xampp\htdocs\woo-commerce\wp-content\themes\simple-bootstrap-theme\header.php on line 30

2022-05-12T07:13:01+00:00 CRITICAL Uncaught Error: Call to undefined function get_permalinks() in D:\xampp\htdocs\woo-commerce\wp-content\themes\simple-bootstrap-theme\header.php:30
Stack trace:
#0 D:\xampp\htdocs\woo-commerce\wp-includes\template.php(770): require_once()
#1 D:\xampp\htdocs\woo-commerce\wp-includes\template.php(716): load_template('D:\\xampp\\htdocs...', true, Array)
#2 D:\xampp\htdocs\woo-commerce\wp-includes\general-template.php(48): locate_template(Array, true, true, Array)
#3 D:\xampp\htdocs\woo-commerce\wp-content\themes\simple-bootstrap-theme\index.php(2): get_header()
#4 D:\xampp\htdocs\woo-commerce\wp-includes\template-loader.php(106): include('D:\\xampp\\htdocs...')
#5 D:\xampp\htdocs\woo-commerce\wp-blog-header.php(19): require_once('D:\\xampp\\htdocs...')
#6 D:\xampp\htdocs\woo-commerce\index.php(17): require('D:\\xampp\\htdocs...')
#7 {main}
  thrown in D:\xampp\htdocs\woo-commerce\wp-content\themes\simple-bootstrap-theme\header.php on line 30

2022-05-12T07:13:01+00:00 CRITICAL Uncaught Error: Call to undefined function get_permalinks() in D:\xampp\htdocs\woo-commerce\wp-content\themes\simple-bootstrap-theme\header.php:30
Stack trace:
#0 D:\xampp\htdocs\woo-commerce\wp-includes\template.php(770): require_once()
#1 D:\xampp\htdocs\woo-commerce\wp-includes\template.php(716): load_template('D:\\xampp\\htdocs...', true, Array)
#2 D:\xampp\htdocs\woo-commerce\wp-includes\general-template.php(48): locate_template(Array, true, true, Array)
#3 D:\xampp\htdocs\woo-commerce\wp-content\themes\simple-bootstrap-theme\index.php(2): get_header()
#4 D:\xampp\htdocs\woo-commerce\wp-includes\template-loader.php(106): include('D:\\xampp\\htdocs...')
#5 D:\xampp\htdocs\woo-commerce\wp-blog-header.php(19): require_once('D:\\xampp\\htdocs...')
#6 D:\xampp\htdocs\woo-commerce\index.php(17): require('D:\\xampp\\htdocs...')
#7 {main}
  thrown in D:\xampp\htdocs\woo-commerce\wp-content\themes\simple-bootstrap-theme\header.php on line 30

2022-05-12T07:13:40+00:00 CRITICAL Uncaught Error: Call to undefined function get_permalinks() in D:\xampp\htdocs\woo-commerce\wp-content\themes\simple-bootstrap-theme\header.php:30
Stack trace:
#0 D:\xampp\htdocs\woo-commerce\wp-includes\template.php(770): require_once()
#1 D:\xampp\htdocs\woo-commerce\wp-includes\template.php(716): load_template('D:\\xampp\\htdocs...', true, Array)
#2 D:\xampp\htdocs\woo-commerce\wp-includes\general-template.php(48): locate_template(Array, true, true, Array)
#3 D:\xampp\htdocs\woo-commerce\wp-content\themes\simple-bootstrap-theme\index.php(2): get_header()
#4 D:\xampp\htdocs\woo-commerce\wp-includes\template-loader.php(106): include('D:\\xampp\\htdocs...')
#5 D:\xampp\htdocs\woo-commerce\wp-blog-header.php(19): require_once('D:\\xampp\\htdocs...')
#6 D:\xampp\htdocs\woo-commerce\index.php(17): require('D:\\xampp\\htdocs...')
#7 {main}
  thrown in D:\xampp\htdocs\woo-commerce\wp-content\themes\simple-bootstrap-theme\header.php on line 30

2022-05-12T07:13:42+00:00 CRITICAL Uncaught Error: Call to undefined function get_permalinks() in D:\xampp\htdocs\woo-commerce\wp-content\themes\simple-bootstrap-theme\header.php:30
Stack trace:
#0 D:\xampp\htdocs\woo-commerce\wp-includes\template.php(770): require_once()
#1 D:\xampp\htdocs\woo-commerce\wp-includes\template.php(716): load_template('D:\\xampp\\htdocs...', true, Array)
#2 D:\xampp\htdocs\woo-commerce\wp-includes\general-template.php(48): locate_template(Array, true, true, Array)
#3 D:\xampp\htdocs\woo-commerce\wp-content\themes\simple-bootstrap-theme\index.php(2): get_header()
#4 D:\xampp\htdocs\woo-commerce\wp-includes\template-loader.php(106): include('D:\\xampp\\htdocs...')
#5 D:\xampp\htdocs\woo-commerce\wp-blog-header.php(19): require_once('D:\\xampp\\htdocs...')
#6 D:\xampp\htdocs\woo-commerce\index.php(17): require('D:\\xampp\\htdocs...')
#7 {main}
  thrown in D:\xampp\htdocs\woo-commerce\wp-content\themes\simple-bootstrap-theme\header.php on line 30

2022-05-12T07:13:42+00:00 CRITICAL Uncaught Error: Call to undefined function get_permalinks() in D:\xampp\htdocs\woo-commerce\wp-content\themes\simple-bootstrap-theme\header.php:30
Stack trace:
#0 D:\xampp\htdocs\woo-commerce\wp-includes\template.php(770): require_once()
#1 D:\xampp\htdocs\woo-commerce\wp-includes\template.php(716): load_template('D:\\xampp\\htdocs...', true, Array)
#2 D:\xampp\htdocs\woo-commerce\wp-includes\general-template.php(48): locate_template(Array, true, true, Array)
#3 D:\xampp\htdocs\woo-commerce\wp-content\themes\simple-bootstrap-theme\index.php(2): get_header()
#4 D:\xampp\htdocs\woo-commerce\wp-includes\template-loader.php(106): include('D:\\xampp\\htdocs...')
#5 D:\xampp\htdocs\woo-commerce\wp-blog-header.php(19): require_once('D:\\xampp\\htdocs...')
#6 D:\xampp\htdocs\woo-commerce\index.php(17): require('D:\\xampp\\htdocs...')
#7 {main}
  thrown in D:\xampp\htdocs\woo-commerce\wp-content\themes\simple-bootstrap-theme\header.php on line 30

2022-05-12T07:13:44+00:00 CRITICAL Uncaught Error: Call to undefined function get_permalinks() in D:\xampp\htdocs\woo-commerce\wp-content\themes\simple-bootstrap-theme\header.php:30
Stack trace:
#0 D:\xampp\htdocs\woo-commerce\wp-includes\template.php(770): require_once()
#1 D:\xampp\htdocs\woo-commerce\wp-includes\template.php(716): load_template('D:\\xampp\\htdocs...', true, Array)
#2 D:\xampp\htdocs\woo-commerce\wp-includes\general-template.php(48): locate_template(Array, true, true, Array)
#3 D:\xampp\htdocs\woo-commerce\wp-content\themes\simple-bootstrap-theme\index.php(2): get_header()
#4 D:\xampp\htdocs\woo-commerce\wp-includes\template-loader.php(106): include('D:\\xampp\\htdocs...')
#5 D:\xampp\htdocs\woo-commerce\wp-blog-header.php(19): require_once('D:\\xampp\\htdocs...')
#6 D:\xampp\htdocs\woo-commerce\index.php(17): require('D:\\xampp\\htdocs...')
#7 {main}
  thrown in D:\xampp\htdocs\woo-commerce\wp-content\themes\simple-bootstrap-theme\header.php on line 30

2022-05-12T07:13:45+00:00 CRITICAL Uncaught Error: Call to undefined function get_permalinks() in D:\xampp\htdocs\woo-commerce\wp-content\themes\simple-bootstrap-theme\header.php:30
Stack trace:
#0 D:\xampp\htdocs\woo-commerce\wp-includes\template.php(770): require_once()
#1 D:\xampp\htdocs\woo-commerce\wp-includes\template.php(716): load_template('D:\\xampp\\htdocs...', true, Array)
#2 D:\xampp\htdocs\woo-commerce\wp-includes\general-template.php(48): locate_template(Array, true, true, Array)
#3 D:\xampp\htdocs\woo-commerce\wp-content\themes\simple-bootstrap-theme\index.php(2): get_header()
#4 D:\xampp\htdocs\woo-commerce\wp-includes\template-loader.php(106): include('D:\\xampp\\htdocs...')
#5 D:\xampp\htdocs\woo-commerce\wp-blog-header.php(19): require_once('D:\\xampp\\htdocs...')
#6 D:\xampp\htdocs\woo-commerce\index.php(17): require('D:\\xampp\\htdocs...')
#7 {main}
  thrown in D:\xampp\htdocs\woo-commerce\wp-content\themes\simple-bootstrap-theme\header.php on line 30

2022-05-12T07:13:45+00:00 CRITICAL Uncaught Error: Call to undefined function get_permalinks() in D:\xampp\htdocs\woo-commerce\wp-content\themes\simple-bootstrap-theme\header.php:30
Stack trace:
#0 D:\xampp\htdocs\woo-commerce\wp-includes\template.php(770): require_once()
#1 D:\xampp\htdocs\woo-commerce\wp-includes\template.php(716): load_template('D:\\xampp\\htdocs...', true, Array)
#2 D:\xampp\htdocs\woo-commerce\wp-includes\general-template.php(48): locate_template(Array, true, true, Array)
#3 D:\xampp\htdocs\woo-commerce\wp-content\themes\simple-bootstrap-theme\index.php(2): get_header()
#4 D:\xampp\htdocs\woo-commerce\wp-includes\template-loader.php(106): include('D:\\xampp\\htdocs...')
#5 D:\xampp\htdocs\woo-commerce\wp-blog-header.php(19): require_once('D:\\xampp\\htdocs...')
#6 D:\xampp\htdocs\woo-commerce\index.php(17): require('D:\\xampp\\htdocs...')
#7 {main}
  thrown in D:\xampp\htdocs\woo-commerce\wp-content\themes\simple-bootstrap-theme\header.php on line 30

2022-05-12T07:14:00+00:00 CRITICAL Uncaught Error: Call to undefined function get_permalinks() in D:\xampp\htdocs\woo-commerce\wp-content\themes\simple-bootstrap-theme\header.php:30
Stack trace:
#0 D:\xampp\htdocs\woo-commerce\wp-includes\template.php(770): require_once()
#1 D:\xampp\htdocs\woo-commerce\wp-includes\template.php(716): load_template('D:\\xampp\\htdocs...', true, Array)
#2 D:\xampp\htdocs\woo-commerce\wp-includes\general-template.php(48): locate_template(Array, true, true, Array)
#3 D:\xampp\htdocs\woo-commerce\wp-content\themes\simple-bootstrap-theme\index.php(2): get_header()
#4 D:\xampp\htdocs\woo-commerce\wp-includes\template-loader.php(106): include('D:\\xampp\\htdocs...')
#5 D:\xampp\htdocs\woo-commerce\wp-blog-header.php(19): require_once('D:\\xampp\\htdocs...')
#6 D:\xampp\htdocs\woo-commerce\index.php(17): require('D:\\xampp\\htdocs...')
#7 {main}
  thrown in D:\xampp\htdocs\woo-commerce\wp-content\themes\simple-bootstrap-theme\header.php on line 30

2022-05-12T07:14:03+00:00 CRITICAL Uncaught Error: Call to undefined function get_permalinks() in D:\xampp\htdocs\woo-commerce\wp-content\themes\simple-bootstrap-theme\header.php:30
Stack trace:
#0 D:\xampp\htdocs\woo-commerce\wp-includes\template.php(770): require_once()
#1 D:\xampp\htdocs\woo-commerce\wp-includes\template.php(716): load_template('D:\\xampp\\htdocs...', true, Array)
#2 D:\xampp\htdocs\woo-commerce\wp-includes\general-template.php(48): locate_template(Array, true, true, Array)
#3 D:\xampp\htdocs\woo-commerce\wp-content\themes\simple-bootstrap-theme\index.php(2): get_header()
#4 D:\xampp\htdocs\woo-commerce\wp-includes\template-loader.php(106): include('D:\\xampp\\htdocs...')
#5 D:\xampp\htdocs\woo-commerce\wp-blog-header.php(19): require_once('D:\\xampp\\htdocs...')
#6 D:\xampp\htdocs\woo-commerce\index.php(17): require('D:\\xampp\\htdocs...')
#7 {main}
  thrown in D:\xampp\htdocs\woo-commerce\wp-content\themes\simple-bootstrap-theme\header.php on line 30

2022-05-12T07:14:03+00:00 CRITICAL Uncaught Error: Call to undefined function get_permalinks() in D:\xampp\htdocs\woo-commerce\wp-content\themes\simple-bootstrap-theme\header.php:30
Stack trace:
#0 D:\xampp\htdocs\woo-commerce\wp-includes\template.php(770): require_once()
#1 D:\xampp\htdocs\woo-commerce\wp-includes\template.php(716): load_template('D:\\xampp\\htdocs...', true, Array)
#2 D:\xampp\htdocs\woo-commerce\wp-includes\general-template.php(48): locate_template(Array, true, true, Array)
#3 D:\xampp\htdocs\woo-commerce\wp-content\themes\simple-bootstrap-theme\index.php(2): get_header()
#4 D:\xampp\htdocs\woo-commerce\wp-includes\template-loader.php(106): include('D:\\xampp\\htdocs...')
#5 D:\xampp\htdocs\woo-commerce\wp-blog-header.php(19): require_once('D:\\xampp\\htdocs...')
#6 D:\xampp\htdocs\woo-commerce\index.php(17): require('D:\\xampp\\htdocs...')
#7 {main}
  thrown in D:\xampp\htdocs\woo-commerce\wp-content\themes\simple-bootstrap-theme\header.php on line 30

2022-05-12T08:58:11+00:00 CRITICAL syntax error, unexpected 'else' (T_ELSE), expecting end of file in D:\xampp\htdocs\woo-commerce\wp-content\themes\simple-bootstrap-theme\header.php on line 33

2022-05-12T08:59:36+00:00 CRITICAL syntax error, unexpected 'else' (T_ELSE), expecting end of file in D:\xampp\htdocs\woo-commerce\wp-content\themes\simple-bootstrap-theme\header.php on line 33

2022-05-12T09:00:46+00:00 CRITICAL syntax error, unexpected 'else' (T_ELSE), expecting end of file in D:\xampp\htdocs\woo-commerce\wp-content\themes\simple-bootstrap-theme\header.php on line 33

2022-05-12T09:00:54+00:00 CRITICAL syntax error, unexpected 'else' (T_ELSE), expecting end of file in D:\xampp\htdocs\woo-commerce\wp-content\themes\simple-bootstrap-theme\header.php on line 33

2022-05-12T09:01:11+00:00 CRITICAL syntax error, unexpected 'else' (T_ELSE), expecting end of file in D:\xampp\htdocs\woo-commerce\wp-content\themes\simple-bootstrap-theme\header.php on line 33

2022-05-12T09:01:56+00:00 CRITICAL syntax error, unexpected 'else' (T_ELSE), expecting end of file in D:\xampp\htdocs\woo-commerce\wp-content\themes\simple-bootstrap-theme\header.php on line 33

2022-05-12T09:02:21+00:00 CRITICAL syntax error, unexpected 'else' (T_ELSE), expecting end of file in D:\xampp\htdocs\woo-commerce\wp-content\themes\simple-bootstrap-theme\header.php on line 33

2022-05-12T09:03:37+00:00 CRITICAL syntax error, unexpected 'else' (T_ELSE), expecting end of file in D:\xampp\htdocs\woo-commerce\wp-content\themes\simple-bootstrap-theme\header.php on line 34

2022-05-12T09:04:28+00:00 CRITICAL syntax error, unexpected 'else' (T_ELSE), expecting end of file in D:\xampp\htdocs\woo-commerce\wp-content\themes\simple-bootstrap-theme\header.php on line 33

2022-05-12T09:04:46+00:00 CRITICAL syntax error, unexpected 'else' (T_ELSE), expecting end of file in D:\xampp\htdocs\woo-commerce\wp-content\themes\simple-bootstrap-theme\header.php on line 33

2022-05-12T09:05:06+00:00 CRITICAL syntax error, unexpected 'else' (T_ELSE), expecting end of file in D:\xampp\htdocs\woo-commerce\wp-content\themes\simple-bootstrap-theme\header.php on line 33

2022-05-12T09:06:02+00:00 CRITICAL syntax error, unexpected 'else' (T_ELSE), expecting end of file in D:\xampp\htdocs\woo-commerce\wp-content\themes\simple-bootstrap-theme\header.php on line 33

2022-05-12T09:06:33+00:00 CRITICAL syntax error, unexpected 'else' (T_ELSE), expecting end of file in D:\xampp\htdocs\woo-commerce\wp-content\themes\simple-bootstrap-theme\header.php on line 33

